<?xml version="1.0" encoding="UTF-8"?>
<testsuite name="ReverseStringTest" tests="1" skipped="0" failures="0" errors="0" timestamp="2020-06-10T21:23:36" hostname="DESKTOP-0U5LVTV" time="0.002">
  <properties/>
  <testcase name="testAWord" classname="ReverseStringTest" time="0.002"/>
  <system-out><![CDATA[]]></system-out>
  <system-err><![CDATA[]]></system-err>
</testsuite>
